<?xml version="1.0" encoding="UTF-8"?>
<!-- Generated by org.testng.reporters.JUnitXMLReporter -->
<testsuite ignored="0" hostname="MSI" failures="0" tests="6" name="Test" time="29.083" errors="0" timestamp="10 Oct 2022 13:45:34 GMT">
  <testcase classname="APITest" name="TC01_POSTPet" time="3.126"/>
  <testcase classname="APITest" name="TC02_GETInventory" time="1.584"/>
  <testcase classname="APITest" name="TC03_GETLogin" time="1.125"/>
  <testcase classname="WebUITest" name="TC01_HomePageTest" time="14.584"/>
  <testcase classname="WebUITest" name="TC02_DynamicIDTest" time="1.935"/>
  <testcase classname="WebUITest" name="TC03_DynamicTableTest" time="1.142"/>
</testsuite> <!-- Test -->
