<?xml version="1.0" encoding="UTF-8"?>
<!-- Generated by org.testng.reporters.JUnitXMLReporter -->
<testsuite ignored="0" hostname="MSI" failures="0" tests="6" name="Test" time="83.86" errors="0" timestamp="09 Oct 2022 17:45:38 GMT">
  <testcase classname="WebUITest" name="TC01_HomePageTest" time="13.788"/>
  <testcase classname="WebUITest" name="TC02_DynamicIDTest" time="2.072"/>
  <testcase classname="WebUITest" name="TC03_DynamicTableTest" time="0.986"/>
  <testcase classname="APITest" name="TC01_POSTPet" time="2.21"/>
  <testcase classname="APITest" name="TC02_GETInventory" time="1.176"/>
  <testcase classname="APITest" name="TC03_GETLogin" time="0.762"/>
</testsuite> <!-- Test -->
