<?xml version="1.0" encoding="UTF-8"?>
<testng-results ignored="0" total="1" passed="1" failed="0" skipped="0">
  <reporter-output>
  </reporter-output>
  <suite started-at="2022-09-24T15:53:08Z" name="Surefire suite" finished-at="2022-09-24T15:53:30Z" duration-ms="21717">
    <groups>
    </groups>
    <test started-at="2022-09-24T15:53:08Z" name="Surefire test" finished-at="2022-09-24T15:53:30Z" duration-ms="21717">
      <class name="WebUITest">
        <test-method is-config="true" signature="Init()[pri:0, instance:WebUITest@799d4f69]" started-at="2022-09-24T15:53:08Z" name="Init" finished-at="2022-09-24T15:53:10Z" duration-ms="1796" status="PASS">
          <reporter-output>
          </reporter-output>
        </test-method> <!-- Init -->
        <test-method signature="dynamicTableTest()[pri:0, instance:WebUITest@799d4f69]" started-at="2022-09-24T15:53:10Z" name="dynamicTableTest" finished-at="2022-09-24T15:53:29Z" duration-ms="19266" status="PASS">
          <reporter-output>
          </reporter-output>
        </test-method> <!-- dynamicTableTest -->
        <test-method is-config="true" signature="teardown()[pri:0, instance:WebUITest@799d4f69]" started-at="2022-09-24T15:53:29Z" name="teardown" finished-at="2022-09-24T15:53:30Z" duration-ms="645" status="PASS">
          <reporter-output>
          </reporter-output>
        </test-method> <!-- teardown -->
      </class> <!-- WebUITest -->
    </test> <!-- Surefire test -->
  </suite> <!-- Surefire suite -->
</testng-results>
