<?xml version="1.0" encoding="UTF-8"?>
<testsuite xmlns:xsi="http://www.w3.org/2001/XMLSchema-instance" xsi:noNamespaceSchemaLocation="https://maven.apache.org/surefire/maven-surefire-plugin/xsd/surefire-test-report-3.0.xsd" version="3.0" name="TestSuite" time="26.795" tests="6" errors="0" skipped="0" failures="0">
  <properties>
[...]
</properties>
  <testcase name="TC01_HomePageTest" classname="WebUITest" time="12.502">
    <system-out><![CDATA[[TestNG] [WARN] Could not find reporter class : listenReport.Reporter
]]></system-out>
    <system-err><![CDATA[SLF4J: Failed to load class "org.slf4j.impl.StaticLoggerBinder".
SLF4J: Defaulting to no-operation (NOP) logger implementation
SLF4J: See http://www.slf4j.org/codes.html#StaticLoggerBinder for further details.
Starting ChromeDriver 106.0.5249.61 (511755355844955cd3e264779baf0dd38212a4d0-refs/branch-heads/5249@{#569}) on port 28430
Only local connections are allowed.
Please see https://chromedriver.chromium.org/security-considerations for suggestions on keeping ChromeDriver safe.
ChromeDriver was started successfully.
Oct 09, 2022 5:47:41 PM org.openqa.selenium.remote.ProtocolHandshake createSession
INFO: Detected dialect: W3C
]]></system-err>
  </testcase>
  <testcase name="TC02_DynamicIDTest" classname="WebUITest" time="2.168"/>
  <testcase name="TC03_DynamicTableTest" classname="WebUITest" time="1.161"/>
  <testcase name="TC01_POSTPet" classname="APITest" time="3.378">
    <system-out><![CDATA[{
    "id": 1,
    "category": {
        "id": 1,
        "name": "dog"
    },
    "name": "Golden",
    "photoUrls": [
        "string"
    ],
    "tags": [
        {
            "id": 1,
            "name": "string"
        }
    ],
    "status": "available"
}
]]></system-out>
  </testcase>
  <testcase name="TC02_GETInventory" classname="APITest" time="1.631"/>
  <testcase name="TC03_GETLogin" classname="APITest" time="0.82"/>
</testsuite>