<?xml version="1.0" encoding="UTF-8"?>
<testng-results ignored="0" total="6" passed="6" failed="0" skipped="0">
  <reporter-output>
  </reporter-output>
  <suite started-at="2022-10-09T17:44:14Z" name="All Test Suite" finished-at="2022-10-09T17:45:38Z" duration-ms="83860">
    <groups>
    </groups>
    <test started-at="2022-10-09T17:44:14Z" name="Test" finished-at="2022-10-09T17:45:38Z" duration-ms="83860">
      <class name="WebUITest">
        <test-method is-config="true" signature="Init()[pri:0, instance:WebUITest@12405818]" started-at="2022-10-09T17:44:14Z" name="Init" finished-at="2022-10-09T17:45:16Z" duration-ms="62285" status="PASS">
          <reporter-output>
          </reporter-output>
        </test-method> <!-- Init -->
        <test-method signature="TC01_HomePageTest()[pri:0, instance:WebUITest@12405818]" started-at="2022-10-09T17:45:16Z" name="TC01_HomePageTest" finished-at="2022-10-09T17:45:30Z" duration-ms="13788" status="PASS">
          <reporter-output>
          </reporter-output>
        </test-method> <!-- TC01_HomePageTest -->
        <test-method signature="TC02_DynamicIDTest()[pri:0, instance:WebUITest@12405818]" started-at="2022-10-09T17:45:30Z" name="TC02_DynamicIDTest" finished-at="2022-10-09T17:45:32Z" duration-ms="2072" status="PASS">
          <reporter-output>
          </reporter-output>
        </test-method> <!-- TC02_DynamicIDTest -->
        <test-method signature="TC03_DynamicTableTest()[pri:0, instance:WebUITest@12405818]" started-at="2022-10-09T17:45:32Z" name="TC03_DynamicTableTest" finished-at="2022-10-09T17:45:33Z" duration-ms="986" status="PASS">
          <reporter-output>
          </reporter-output>
        </test-method> <!-- TC03_DynamicTableTest -->
        <test-method is-config="true" signature="teardown()[pri:0, instance:WebUITest@12405818]" started-at="2022-10-09T17:45:33Z" name="teardown" finished-at="2022-10-09T17:45:34Z" duration-ms="566" status="PASS">
          <reporter-output>
          </reporter-output>
        </test-method> <!-- teardown -->
      </class> <!-- WebUITest -->
      <class name="APITest">
        <test-method signature="TC01_POSTPet()[pri:0, instance:APITest@314c508a]" started-at="2022-10-09T17:45:34Z" name="TC01_POSTPet" finished-at="2022-10-09T17:45:36Z" duration-ms="2210" status="PASS">
          <reporter-output>
          </reporter-output>
        </test-method> <!-- TC01_POSTPet -->
        <test-method signature="TC02_GETInventory()[pri:0, instance:APITest@314c508a]" started-at="2022-10-09T17:45:36Z" name="TC02_GETInventory" finished-at="2022-10-09T17:45:37Z" duration-ms="1176" status="PASS">
          <reporter-output>
          </reporter-output>
        </test-method> <!-- TC02_GETInventory -->
        <test-method signature="TC03_GETLogin()[pri:0, instance:APITest@314c508a]" started-at="2022-10-09T17:45:37Z" name="TC03_GETLogin" finished-at="2022-10-09T17:45:38Z" duration-ms="762" status="PASS">
          <reporter-output>
          </reporter-output>
        </test-method> <!-- TC03_GETLogin -->
      </class> <!-- APITest -->
    </test> <!-- Test -->
  </suite> <!-- All Test Suite -->
</testng-results>
