<?xml version="1.0" encoding="UTF-8"?>
<testng-results ignored="0" total="3" passed="3" failed="0" skipped="0">
  <reporter-output>
  </reporter-output>
  <suite started-at="2022-10-09T19:03:22Z" name="Default Suite" finished-at="2022-10-09T19:03:42Z" duration-ms="20080">
    <groups>
    </groups>
    <test started-at="2022-10-09T19:03:22Z" name="TechnicalAssignment" finished-at="2022-10-09T19:03:42Z" duration-ms="20080">
      <class name="WebUITest">
        <test-method is-config="true" signature="Init()[pri:0, instance:WebUITest@17baae6e]" started-at="2022-10-09T19:03:22Z" name="Init" finished-at="2022-10-09T19:03:28Z" duration-ms="5910" status="PASS">
          <reporter-output>
          </reporter-output>
        </test-method> <!-- Init -->
        <test-method signature="TC01_HomePageTest()[pri:0, instance:WebUITest@17baae6e]" started-at="2022-10-09T19:03:28Z" name="TC01_HomePageTest" finished-at="2022-10-09T19:03:39Z" duration-ms="10689" status="PASS">
          <reporter-output>
          </reporter-output>
        </test-method> <!-- TC01_HomePageTest -->
        <test-method signature="TC02_DynamicIDTest()[pri:0, instance:WebUITest@17baae6e]" started-at="2022-10-09T19:03:39Z" name="TC02_DynamicIDTest" finished-at="2022-10-09T19:03:41Z" duration-ms="2028" status="PASS">
          <reporter-output>
          </reporter-output>
        </test-method> <!-- TC02_DynamicIDTest -->
        <test-method signature="TC03_DynamicTableTest()[pri:0, instance:WebUITest@17baae6e]" started-at="2022-10-09T19:03:41Z" name="TC03_DynamicTableTest" finished-at="2022-10-09T19:03:42Z" duration-ms="906" status="PASS">
          <reporter-output>
          </reporter-output>
        </test-method> <!-- TC03_DynamicTableTest -->
        <test-method is-config="true" signature="teardown()[pri:0, instance:WebUITest@17baae6e]" started-at="2022-10-09T19:03:42Z" name="teardown" finished-at="2022-10-09T19:03:42Z" duration-ms="535" status="PASS">
          <reporter-output>
          </reporter-output>
        </test-method> <!-- teardown -->
      </class> <!-- WebUITest -->
    </test> <!-- TechnicalAssignment -->
  </suite> <!-- Default Suite -->
</testng-results>
